This is pdfTeX, Version 3.141592653-2.6-1.40.25 (MiKTeX 23.10 Portable) (preloaded format=pdflatex 2023.11.19)  26 NOV 2023 12:07
entering extended mode
 restricted \write18 enabled.
 file:line:error style messages enabled.
 %&-line parsing enabled.
**d:/VScode/git/library/library/algorithm/LaTeX/CET-8/CET-8_04/CET-8_04.tex
(d:/VScode/git/library/library/algorithm/LaTeX/CET-8/CET-8_04/CET-8_04.tex
LaTeX2e <2023-06-01> patch level 1
L3 programming layer <2023-08-29>
(D:\Scoop\scoop\apps\miktex\current\texmfs\install\tex/latex/base\article.cls
Document Class: article 2023/05/17 v1.4n Standard LaTeX document class
(D:\Scoop\scoop\apps\miktex\current\texmfs\install\tex/latex/base\size10.clo
File: size10.clo 2023/05/17 v1.4n Standard LaTeX file (size option)
)
\c@part=\count185
\c@section=\count186
\c@subsection=\count187
\c@subsubsection=\count188
\c@paragraph=\count189
\c@subparagraph=\count190
\c@figure=\count191
\c@table=\count192
\abovecaptionskip=\skip48
\belowcaptionskip=\skip49
\bibindent=\dimen140
)
(D:\Scoop\scoop\apps\miktex\current\texmfs\install\tex/latex/geometry\geometry.
sty
Package: geometry 2020/01/02 v5.9 Page Geometry

(D:\Scoop\scoop\apps\miktex\current\texmfs\install\tex/latex/graphics\keyval.st
y
Package: keyval 2022/05/29 v1.15 key=value parser (DPC)
\KV@toks@=\toks17
)
(D:\Scoop\scoop\apps\miktex\current\texmfs\install\tex/generic/iftex\ifvtex.sty
Package: ifvtex 2019/10/25 v1.7 ifvtex legacy package. Use iftex instead.
(D:\Scoop\scoop\apps\miktex\current\texmfs\install\tex/generic/iftex\iftex.sty
Package: iftex 2022/02/03 v1.0f TeX engine tests
))
\Gm@cnth=\count193
\Gm@cntv=\count194
\c@Gm@tempcnt=\count195
\Gm@bindingoffset=\dimen141
\Gm@wd@mp=\dimen142
\Gm@odd@mp=\dimen143
\Gm@even@mp=\dimen144
\Gm@layoutwidth=\dimen145
\Gm@layoutheight=\dimen146
\Gm@layouthoffset=\dimen147
\Gm@layoutvoffset=\dimen148
\Gm@dimlist=\toks18

(D:\Scoop\scoop\apps\miktex\current\texmfs\install\tex/latex/geometry\geometry.
cfg))
(D:\Scoop\scoop\apps\miktex\current\texmfs\install\tex/latex/ctex\ctex.sty
(D:\Scoop\scoop\apps\miktex\current\texmfs\install\tex/latex/l3kernel\expl3.sty
Package: expl3 2023-08-29 L3 programming layer (loader) 

(D:\Scoop\scoop\apps\miktex\current\texmfs\install\tex/latex/l3backend\l3backen
d-pdftex.def
File: l3backend-pdftex.def 2023-04-19 L3 backend support: PDF output (pdfTeX)
\l__color_backend_stack_int=\count196
\l__pdf_internal_box=\box51
))
Package: ctex 2022/07/14 v2.5.10 Chinese adapter in LaTeX (CTEX)

(D:\Scoop\scoop\apps\miktex\current\texmfs\install\tex/latex/ctex\ctexhook.sty
Package: ctexhook 2022/07/14 v2.5.10 Document and package hooks (CTEX)
)
(D:\Scoop\scoop\apps\miktex\current\texmfs\install\tex/latex/ctex\ctexpatch.sty
Package: ctexpatch 2022/07/14 v2.5.10 Patching commands (CTEX)
) (D:\Scoop\scoop\apps\miktex\current\texmfs\install\tex/latex/base\fix-cm.sty
Package: fix-cm 2020/11/24 v1.1t fixes to LaTeX

(D:\Scoop\scoop\apps\miktex\current\texmfs\install\tex/latex/base\ts1enc.def
File: ts1enc.def 2001/06/05 v3.0e (jk/car/fm) Standard LaTeX file
LaTeX Font Info:    Redeclaring font encoding TS1 on input line 47.
))
\l__ctex_tmp_int=\count197
\l__ctex_tmp_box=\box52
\l__ctex_tmp_dim=\dimen149
\g__ctex_section_depth_int=\count198
\g__ctex_font_size_int=\count199

(D:\Scoop\scoop\apps\miktex\current\texmfs\install\tex/latex/ctex/config\ctexop
ts.cfg
File: ctexopts.cfg 2022/07/14 v2.5.10 Option configuration file (CTEX)
)

Package ctex Warning: UTF8 will be used as the default encoding.


(D:\Scoop\scoop\apps\miktex\current\texmfs\install\tex/latex/ctex/engine\ctex-e
ngine-pdftex.def
File: ctex-engine-pdftex.def 2022/07/14 v2.5.10 (pdf)LaTeX adapter (CTEX)

(D:\Scoop\scoop\apps\miktex\current\texmfs\install\tex/latex/cjk\CJKutf8.sty
Package: CJKutf8 2021/10/16 4.8.5

(D:\Scoop\scoop\apps\miktex\current\texmfs\install\tex/generic/iftex\ifpdf.sty
Package: ifpdf 2019/10/25 v3.4 ifpdf legacy package. Use iftex instead.
) (D:\Scoop\scoop\apps\miktex\current\texmfs\install\tex/latex/base\inputenc.st
y
Package: inputenc 2021/02/14 v1.3d Input encoding file
\inpenc@prehook=\toks19
\inpenc@posthook=\toks20
) (D:\Scoop\scoop\apps\miktex\current\texmfs\install\tex/latex/cjk\CJK.sty
Package: CJK 2021/10/16 4.8.5

(D:\Scoop\scoop\apps\miktex\current\texmfs\install\tex/latex/cjk/mule\MULEenc.s
ty
Package: MULEenc 2021/10/16 4.8.5
) (D:\Scoop\scoop\apps\miktex\current\texmfs\install\tex/latex/cjk\CJK.enc
File: CJK.enc 2021/10/16 4.8.5
Now handling font encoding C00 ...
... no UTF-8 mapping file for font encoding C00
Now handling font encoding C05 ...
... no UTF-8 mapping file for font encoding C05
Now handling font encoding C09 ...
... no UTF-8 mapping file for font encoding C09
Now handling font encoding C10 ...
... no UTF-8 mapping file for font encoding C10
Now handling font encoding C20 ...
... no UTF-8 mapping file for font encoding C20
Now handling font encoding C19 ...
... no UTF-8 mapping file for font encoding C19
Now handling font encoding C40 ...
... no UTF-8 mapping file for font encoding C40
Now handling font encoding C42 ...
... no UTF-8 mapping file for font encoding C42
Now handling font encoding C43 ...
... no UTF-8 mapping file for font encoding C43
Now handling font encoding C50 ...
... no UTF-8 mapping file for font encoding C50
Now handling font encoding C52 ...
... no UTF-8 mapping file for font encoding C52
Now handling font encoding C49 ...
... no UTF-8 mapping file for font encoding C49
Now handling font encoding C60 ...
... no UTF-8 mapping file for font encoding C60
Now handling font encoding C61 ...
... no UTF-8 mapping file for font encoding C61
Now handling font encoding C63 ...
... no UTF-8 mapping file for font encoding C63
Now handling font encoding C64 ...
... no UTF-8 mapping file for font encoding C64
Now handling font encoding C65 ...
... no UTF-8 mapping file for font encoding C65
Now handling font encoding C70 ...
... no UTF-8 mapping file for font encoding C70
Now handling font encoding C31 ...
... no UTF-8 mapping file for font encoding C31
Now handling font encoding C32 ...
... no UTF-8 mapping file for font encoding C32
Now handling font encoding C33 ...
... no UTF-8 mapping file for font encoding C33
Now handling font encoding C34 ...
... no UTF-8 mapping file for font encoding C34
Now handling font encoding C35 ...
... no UTF-8 mapping file for font encoding C35
Now handling font encoding C36 ...
... no UTF-8 mapping file for font encoding C36
Now handling font encoding C37 ...
... no UTF-8 mapping file for font encoding C37
Now handling font encoding C80 ...
... no UTF-8 mapping file for font encoding C80
Now handling font encoding C81 ...
... no UTF-8 mapping file for font encoding C81
Now handling font encoding C01 ...
... no UTF-8 mapping file for font encoding C01
Now handling font encoding C11 ...
... no UTF-8 mapping file for font encoding C11
Now handling font encoding C21 ...
... no UTF-8 mapping file for font encoding C21
Now handling font encoding C41 ...
... no UTF-8 mapping file for font encoding C41
Now handling font encoding C62 ...
... no UTF-8 mapping file for font encoding C62
)
\CJK@indent=\box53
)
(D:\Scoop\scoop\apps\miktex\current\texmfs\install\tex/latex/base\fontenc.sty
Package: fontenc 2021/04/29 v2.0v Standard LaTeX package
))
(D:\Scoop\scoop\apps\miktex\current\texmfs\install\tex/latex/cjkpunct\CJKpunct.
sty
Package: CJKpunct 2016/05/14 4.8.4
\CJKpunct@cnta=\count266
\CJKpunct@cntb=\count267
\CJKpunct@cntc=\count268
\CJKpunct@cntd=\count269
\CJKpunct@cnte=\count270
   defining Unicode char U+2018 (decimal 8216)
   defining Unicode char U+2019 (decimal 8217)
   defining Unicode char U+201C (decimal 8220)
   defining Unicode char U+201D (decimal 8221)
   defining Unicode char U+2014 (decimal 8212)
   defining Unicode char U+2026 (decimal 8230)

(D:\Scoop\scoop\apps\miktex\current\texmfs\install\tex/latex/cjkpunct\CJKpunct.
spa))
(D:\Scoop\scoop\apps\miktex\current\texmfs\install\tex/latex/cjk\CJKspace.sty
Package: CJKspace 2021/10/16 3.8.0
)
(D:\Scoop\scoop\apps\miktex\current\texmfs\install\tex/latex/cjk/UTF8\UTF8.bdg
File: UTF8.bdg 2021/10/16 4.8.5
) (D:\Scoop\scoop\apps\miktex\current\texmfs\install\tex/latex/ctex\ctexspa.def
File: ctexspa.def 2022/07/14 v2.5.10 Space info for CJKpunct (CTEX)
)
\ccwd=\dimen150
\l__ctex_ccglue_skip=\skip50
)
\l__ctex_ziju_dim=\dimen151

(D:\Scoop\scoop\apps\miktex\current\texmfs\install\tex/latex/zhnumber\zhnumber.
sty
Package: zhnumber 2022/07/14 v3.0 Typesetting numbers with Chinese glyphs
\l__zhnum_scale_int=\count271
\l__zhnum_tmp_int=\count272

(D:\Scoop\scoop\apps\miktex\current\texmfs\install\tex/latex/zhnumber\zhnumber-
utf8.cfg
File: zhnumber-utf8.cfg 2022/07/14 v3.0 Chinese numerals with UTF8 encoding
))
(D:\Scoop\scoop\apps\miktex\current\texmfs\install\tex/latex/ctex/scheme\ctex-s
cheme-chinese.def
File: ctex-scheme-chinese.def 2022/07/14 v2.5.10 Chinese scheme for generic (CT
EX)

(D:\Scoop\scoop\apps\miktex\current\texmfs\install\tex/latex/ctex/config\ctex-n
ame-utf8.cfg
File: ctex-name-utf8.cfg 2022/07/14 v2.5.10 Caption with encoding UTF-8 (CTEX)
))
(D:\Scoop\scoop\apps\miktex\current\texmfs\install\tex/latex/tools\indentfirst.
sty
Package: indentfirst 1995/11/23 v1.03 Indent first paragraph (DPC)
)
(D:\Scoop\scoop\apps\miktex\current\texmfs\install\tex/latex/ctex\ctex-c5size.c
lo
File: ctex-c5size.clo 2022/07/14 v2.5.10 c5size option (CTEX)
)
(D:\Scoop\scoop\apps\miktex\current\texmfs\install\tex/latex/ctex/fontset\ctex-
fontset-windows.def
File: ctex-fontset-windows.def 2022/07/14 v2.5.10 Windows fonts definition (CTE
X)
))
(D:\Scoop\scoop\apps\miktex\current\texmfs\install\tex/latex/ctex/config\ctex.c
fg
File: ctex.cfg 2022/07/14 v2.5.10 Configuration file (CTEX)
) (D:\Scoop\scoop\apps\miktex\current\texmfs\install\tex/latex/url\url.sty
\Urlmuskip=\muskip16
Package: url 2013/09/16  ver 3.4  Verb mode for urls, etc.
)
(D:\Scoop\scoop\apps\miktex\current\texmfs\install\tex/latex/graphics\graphicX.
sty

LaTeX Warning: You have requested package `graphicX',
               but the package provides `graphicx'.

Package: graphicx 2021/09/16 v1.2d Enhanced LaTeX Graphics (DPC,SPQR)

(D:\Scoop\scoop\apps\miktex\current\texmfs\install\tex/latex/graphics\graphics.
sty
Package: graphics 2022/03/10 v1.4e Standard LaTeX Graphics (DPC,SPQR)

(D:\Scoop\scoop\apps\miktex\current\texmfs\install\tex/latex/graphics\trig.sty
Package: trig 2021/08/11 v1.11 sin cos tan (DPC)
)
(D:\Scoop\scoop\apps\miktex\current\texmfs\install\tex/latex/graphics-cfg\graph
ics.cfg
File: graphics.cfg 2016/06/04 v1.11 sample graphics configuration
)
Package graphics Info: Driver file: pdftex.def on input line 107.

(D:\Scoop\scoop\apps\miktex\current\texmfs\install\tex/latex/graphics-def\pdfte
x.def
File: pdftex.def 2022/09/22 v1.2b Graphics/color driver for pdftex
))
\Gin@req@height=\dimen152
\Gin@req@width=\dimen153
)
(D:\Scoop\scoop\apps\miktex\current\texmfs\install\tex/latex/cjk/UTF8\UTF8.enc
File: UTF8.enc 2021/10/16 4.8.5
) (D:\Scoop\scoop\apps\miktex\current\texmfs\install\tex/latex/cjk/UTF8\UTF8.ch
r
File: UTF8.chr 2021/10/16 4.8.5
) (CET-8_04.aux)
\openout1 = `CET-8_04.aux'.

LaTeX Font Info:    Checking defaults for OML/cmm/m/it on input line 23.
LaTeX Font Info:    ... okay on input line 23.
LaTeX Font Info:    Checking defaults for OMS/cmsy/m/n on input line 23.
LaTeX Font Info:    ... okay on input line 23.
LaTeX Font Info:    Checking defaults for OT1/cmr/m/n on input line 23.
LaTeX Font Info:    ... okay on input line 23.
LaTeX Font Info:    Checking defaults for T1/cmr/m/n on input line 23.
LaTeX Font Info:    ... okay on input line 23.
LaTeX Font Info:    Checking defaults for TS1/cmr/m/n on input line 23.
LaTeX Font Info:    ... okay on input line 23.
LaTeX Font Info:    Checking defaults for OMX/cmex/m/n on input line 23.
LaTeX Font Info:    ... okay on input line 23.
LaTeX Font Info:    Checking defaults for U/cmr/m/n on input line 23.
LaTeX Font Info:    ... okay on input line 23.
LaTeX Font Info:    Checking defaults for C00/song/m/n on input line 23.
LaTeX Font Info:    ... okay on input line 23.
LaTeX Font Info:    Checking defaults for C05/song/m/n on input line 23.
LaTeX Font Info:    ... okay on input line 23.
LaTeX Font Info:    Checking defaults for C09/song/m/n on input line 23.
LaTeX Font Info:    ... okay on input line 23.
LaTeX Font Info:    Checking defaults for C10/song/m/n on input line 23.
LaTeX Font Info:    ... okay on input line 23.
LaTeX Font Info:    Checking defaults for C20/song/m/n on input line 23.
LaTeX Font Info:    ... okay on input line 23.
LaTeX Font Info:    Checking defaults for C19/song/m/n on input line 23.
LaTeX Font Info:    ... okay on input line 23.
LaTeX Font Info:    Checking defaults for C40/song/m/n on input line 23.
LaTeX Font Info:    ... okay on input line 23.
LaTeX Font Info:    Checking defaults for C42/song/m/n on input line 23.
LaTeX Font Info:    ... okay on input line 23.
LaTeX Font Info:    Checking defaults for C43/song/m/n on input line 23.
LaTeX Font Info:    ... okay on input line 23.
LaTeX Font Info:    Checking defaults for C50/song/m/n on input line 23.
LaTeX Font Info:    ... okay on input line 23.
LaTeX Font Info:    Checking defaults for C52/song/m/n on input line 23.
LaTeX Font Info:    ... okay on input line 23.
LaTeX Font Info:    Checking defaults for C49/song/m/n on input line 23.
LaTeX Font Info:    ... okay on input line 23.
LaTeX Font Info:    Checking defaults for C60/mj/m/n on input line 23.
LaTeX Font Info:    ... okay on input line 23.
LaTeX Font Info:    Checking defaults for C61/mj/m/n on input line 23.
LaTeX Font Info:    ... okay on input line 23.
LaTeX Font Info:    Checking defaults for C63/mj/m/n on input line 23.
LaTeX Font Info:    ... okay on input line 23.
LaTeX Font Info:    Checking defaults for C64/mj/m/n on input line 23.
LaTeX Font Info:    ... okay on input line 23.
LaTeX Font Info:    Checking defaults for C65/mj/m/n on input line 23.
LaTeX Font Info:    ... okay on input line 23.
LaTeX Font Info:    Checking defaults for C70/song/m/n on input line 23.
LaTeX Font Info:    ... okay on input line 23.
LaTeX Font Info:    Checking defaults for C31/song/m/n on input line 23.
LaTeX Font Info:    ... okay on input line 23.
LaTeX Font Info:    Checking defaults for C32/song/m/n on input line 23.
LaTeX Font Info:    ... okay on input line 23.
LaTeX Font Info:    Checking defaults for C33/song/m/n on input line 23.
LaTeX Font Info:    ... okay on input line 23.
LaTeX Font Info:    Checking defaults for C34/song/m/n on input line 23.
LaTeX Font Info:    ... okay on input line 23.
LaTeX Font Info:    Checking defaults for C35/song/m/n on input line 23.
LaTeX Font Info:    ... okay on input line 23.
LaTeX Font Info:    Checking defaults for C36/song/m/n on input line 23.
LaTeX Font Info:    ... okay on input line 23.
LaTeX Font Info:    Checking defaults for C37/song/m/n on input line 23.
LaTeX Font Info:    ... okay on input line 23.
LaTeX Font Info:    Checking defaults for C80/song/m/n on input line 23.
LaTeX Font Info:    ... okay on input line 23.
LaTeX Font Info:    Checking defaults for C81/song/m/n on input line 23.
LaTeX Font Info:    ... okay on input line 23.
LaTeX Font Info:    Checking defaults for C01/song/m/n on input line 23.
LaTeX Font Info:    ... okay on input line 23.
LaTeX Font Info:    Checking defaults for C11/song/m/n on input line 23.
LaTeX Font Info:    ... okay on input line 23.
LaTeX Font Info:    Checking defaults for C21/song/m/n on input line 23.
LaTeX Font Info:    ... okay on input line 23.
LaTeX Font Info:    Checking defaults for C41/song/m/n on input line 23.
LaTeX Font Info:    ... okay on input line 23.
LaTeX Font Info:    Checking defaults for C62/song/m/n on input line 23.
LaTeX Font Info:    ... okay on input line 23.

*geometry* driver: auto-detecting
*geometry* detected driver: pdftex
*geometry* verbose mode - [ preamble ] result:
* driver: pdftex
* paper: a4paper
* layout: <same size as paper>
* layoutoffset:(h,v)=(0.0pt,0.0pt)
* modes: 
* h-part:(L,W,R)=(72.26999pt, 452.9679pt, 72.26999pt)
* v-part:(T,H,B)=(72.26999pt, 700.50687pt, 72.26999pt)
* \paperwidth=597.50787pt
* \paperheight=845.04684pt
* \textwidth=452.9679pt
* \textheight=700.50687pt
* \oddsidemargin=0.0pt
* \evensidemargin=0.0pt
* \topmargin=-37.0pt
* \headheight=12.0pt
* \headsep=25.0pt
* \topskip=10.0pt
* \footskip=30.0pt
* \marginparwidth=57.0pt
* \marginparsep=11.0pt
* \columnsep=10.0pt
* \skip\footins=9.0pt plus 4.0pt minus 2.0pt
* \hoffset=0.0pt
* \voffset=0.0pt
* \mag=1000
* \@twocolumnfalse
* \@twosidefalse
* \@mparswitchfalse
* \@reversemarginfalse
* (1in=72.27pt=25.4mm, 1cm=28.453pt)


(D:\Scoop\scoop\apps\miktex\current\texmfs\install\tex/context/base/mkii\supp-p
df.mkii
[Loading MPS to PDF converter (version 2006.09.02).]
\scratchcounter=\count273
\scratchdimen=\dimen154
\scratchbox=\box54
\nofMPsegments=\count274
\nofMParguments=\count275
\everyMPshowfont=\toks21
\MPscratchCnt=\count276
\MPscratchDim=\dimen155
\MPnumerator=\count277
\makeMPintoPDFobject=\count278
\everyMPtoPDFconversion=\toks22
)
(D:\Scoop\scoop\apps\miktex\current\texmfs\install\tex/latex/epstopdf-pkg\epsto
pdf-base.sty
Package: epstopdf-base 2020-01-24 v2.11 Base part for package epstopdf
Package epstopdf-base Info: Redefining graphics rule for `.eps' on input line 4
85.

(D:\Scoop\scoop\apps\miktex\current\texmfs\install\tex/latex/00miktex\epstopdf-
sys.cfg
File: epstopdf-sys.cfg 2021/03/18 v2.0 Configuration of epstopdf for MiKTeX
))
LaTeX Font Info:    Trying to load font information for C70+zhhei on input line
 24.

(D:\Scoop\scoop\apps\miktex\current\texmfs\install\tex/latex/zhmetrics\c70zhhei
.fd
File: c70zhhei.fd 2009/09/23 4.8.2
)
LaTeX Font Info:    External font `cmex10' loaded for size
(Font)              <12.045> on input line 24.
LaTeX Font Info:    External font `cmex10' loaded for size
(Font)              <8> on input line 24.
LaTeX Font Info:    External font `cmex10' loaded for size
(Font)              <6> on input line 24.


LaTeX Warning: No \author given.

LaTeX Font Info:    Trying to load font information for C70+rm on input line 24
.
(D:\Scoop\scoop\apps\miktex\current\texmfs\install\tex/latex/ctex/fd\c70rm.fd
File: c70rm.fd 2022/07/14 v2.5.10 Chinese font definition (CTEX)
)
Package CJKpunct Info: use punctuation spaces for family 'rm' with punctstyle (
quanjiao) on input line 24.

(CET-8_04.toc
LaTeX Font Info:    External font `cmex10' loaded for size
(Font)              <10.53937> on input line 3.
LaTeX Font Info:    External font `cmex10' loaded for size
(Font)              <7> on input line 3.
LaTeX Font Info:    External font `cmex10' loaded for size
(Font)              <5> on input line 3.
)
\tf@toc=\write3
\openout3 = `CET-8_04.toc'.


(D:\Scoop\scoop\apps\miktex\current\texmfs\install\tex/generic/ctex/zhmap\ctex-
zhmap-windows.tex
File: ctex-zhmap-windows.tex 2022/07/14 v2.5.10 Windows font map loader for pdf
TeX and DVIPDFMx (CTEX)
{D:/Scoop/scoop/apps/miktex/current/texmfs/data/fonts/map/pdftex/pdftex.map}{UG
BK.sfd}{Unicode.sfd}) [1

] [2] (CET-8_04.aux)
 ***********
LaTeX2e <2023-06-01> patch level 1
L3 programming layer <2022/07/14>
 ***********
 ) 
Here is how much of TeX's memory you used:
 5988 strings out of 475248
 113026 string characters out of 5755434
 1938785 words of memory out of 5000000
 27251 multiletter control sequences out of 15000+600000
 591474 words of font info for 154 fonts, out of 8000000 for 9000
 1141 hyphenation exceptions out of 8191
 80i,6n,83p,770b,366s stack positions out of 10000i,1000n,20000p,200000b,200000s
<C:/windows/Fonts/simsun.ttc><C:/windows/Fonts/simsun.ttc><C:/windows/Fonts/s
imsun.ttc><C:/windows/Fonts/simsun.ttc><C:/windows/Fonts/simsun.ttc><C:/windows
/Fonts/simsun.ttc><C:/windows/Fonts/simsun.ttc><C:/windows/Fonts/simsun.ttc><C:
/windows/Fonts/simhei.ttf><C:/windows/Fonts/simsun.ttc><C:/windows/Fonts/simsun
.ttc><C:/windows/Fonts/simsun.ttc><C:/windows/Fonts/simsun.ttc><C:/windows/Font
s/simsun.ttc><C:/windows/Fonts/simsun.ttc><C:/windows/Fonts/simsun.ttc> <D:\Sco
op\scoop\apps\miktex\current\texmfs/data\fonts/pk/ljfour/jknappen/ec/dpi632\tcr
m1000.pk><C:/windows/Fonts/simhei.ttf><C:/windows/Fonts/simsun.ttc><C:/windows/
Fonts/simsun.ttc><C:/windows/Fonts/simsun.ttc><C:/windows/Fonts/simsun.ttc><C:/
windows/Fonts/simsun.ttc><C:/windows/Fonts/simsun.ttc><C:/windows/Fonts/simsun.
ttc><C:/windows/Fonts/simsun.ttc><C:/windows/Fonts/simsun.ttc><C:/windows/Fonts
/simsun.ttc><C:/windows/Fonts/simsun.ttc><C:/windows/Fonts/simsun.ttc><C:/windo
ws/Fonts/simsun.ttc><C:/windows/Fonts/simsun.ttc><C:/windows/Fonts/simsun.ttc><
C:/windows/Fonts/simsun.ttc><C:/windows/Fonts/simsun.ttc><C:/windows/Fonts/sims
un.ttc><C:/windows/Fonts/simsun.ttc><C:/windows/Fonts/simsun.ttc><C:/windows/Fo
nts/simhei.ttf><C:/windows/Fonts/simhei.ttf><C:/windows/Fonts/simhei.ttf><C:/wi
ndows/Fonts/simhei.ttf><C:/windows/Fonts/simsun.ttc><C:/windows/Fonts/simsun.tt
c><C:/windows/Fonts/simsun.ttc><C:/windows/Fonts/simsun.ttc><C:/windows/Fonts/s
imsun.ttc><C:/windows/Fonts/simsun.ttc><C:/windows/Fonts/simsun.ttc><C:/windows
/Fonts/simhei.ttf><C:/windows/Fonts/simhei.ttf><C:/windows/Fonts/simsun.ttc><C:
/windows/Fonts/simsun.ttc><C:/windows/Fonts/simsun.ttc><C:/windows/Fonts/simsun
.ttc><C:/windows/Fonts/simsun.ttc><C:/windows/Fonts/simsun.ttc><C:/windows/Font
s/simsun.ttc><C:/windows/Fonts/simsun.ttc><C:/windows/Fonts/simsun.ttc><C:/wind
ows/Fonts/simhei.ttf><C:/windows/Fonts/simhei.ttf><C:/windows/Fonts/simhei.ttf>
<C:/windows/Fonts/simhei.ttf><C:/windows/Fonts/simhei.ttf><C:/windows/Fonts/sim
hei.ttf><C:/windows/Fonts/simhei.ttf><C:/windows/Fonts/simhei.ttf><D:/Scoop/sco
op/apps/miktex/current/texmfs/install/fonts/type1/public/amsfonts/cm/cmbx10.pfb
><D:/Scoop/scoop/apps/miktex/current/texmfs/install/fonts/type1/public/amsfonts
/cm/cmbx12.pfb><D:/Scoop/scoop/apps/miktex/current/texmfs/install/fonts/type1/p
ublic/amsfonts/cm/cmmi10.pfb><D:/Scoop/scoop/apps/miktex/current/texmfs/install
/fonts/type1/public/amsfonts/cm/cmr10.pfb><D:/Scoop/scoop/apps/miktex/current/t
exmfs/install/fonts/type1/public/amsfonts/cm/cmr12.pfb><D:/Scoop/scoop/apps/mik
tex/current/texmfs/install/fonts/type1/public/amsfonts/cm/cmr7.pfb><D:/Scoop/sc
oop/apps/miktex/current/texmfs/install/fonts/type1/public/amsfonts/cm/cmsy10.pf
b>
Output written on CET-8_04.pdf (2 pages, 392217 bytes).
PDF statistics:
 368 PDF objects out of 1000 (max. 8388607)
 0 named destinations out of 1000 (max. 500000)
 205 words of extra memory for PDF output out of 10000 (max. 10000000)

